<?xml version="1.0" encoding="UTF-8"?><testrun name="testTransfer" project="client45" tests="1" started="1" failures="1" errors="0" ignored="0">
  <testsuite name="transfer.testTransfer" time="0.051">
    <testcase name="test" classname="transfer.testTransfer" time="0.051">
      <failure>java.lang.AssertionError: &#13;
	at org.junit.Assert.fail(Assert.java:91)&#13;
	at org.junit.Assert.assertTrue(Assert.java:43)&#13;
	at org.junit.Assert.assertTrue(Assert.java:54)&#13;
	at transfer.testTransfer.test(testTransfer.java:11)&#13;
	at sun.reflect.NativeMethodAccessorImpl.invoke0(Native Method)&#13;
	at sun.reflect.NativeMethodAccessorImpl.invoke(NativeMethodAccessorImpl.java:62)&#13;
	at sun.reflect.DelegatingMethodAccessorImpl.invoke(DelegatingMethodAccessorImpl.java:43)&#13;
	at java.lang.reflect.Method.invoke(Method.java:483)&#13;
	at org.junit.runners.model.FrameworkMethod$1.runReflectiveCall(FrameworkMethod.java:44)&#13;
	at org.junit.internal.runners.model.ReflectiveCallable.run(ReflectiveCallable.java:15)&#13;
	at org.junit.runners.model.FrameworkMethod.invokeExplosively(FrameworkMethod.java:41)&#13;
	at org.junit.internal.runners.statements.InvokeMethod.evaluate(InvokeMethod.java:20)&#13;
	at org.junit.runners.BlockJUnit4ClassRunner.runNotIgnored(BlockJUnit4ClassRunner.java:79)&#13;
	at org.junit.runners.BlockJUnit4ClassRunner.runChild(BlockJUnit4ClassRunner.java:71)&#13;
	at org.junit.runners.BlockJUnit4ClassRunner.runChild(BlockJUnit4ClassRunner.java:49)&#13;
	at org.junit.runners.ParentRunner$3.run(ParentRunner.java:193)&#13;
	at org.junit.runners.ParentRunner$1.schedule(ParentRunner.java:52)&#13;
	at org.junit.runners.ParentRunner.runChildren(ParentRunner.java:191)&#13;
	at org.junit.runners.ParentRunner.access$000(ParentRunner.java:42)&#13;
	at org.junit.runners.ParentRunner$2.evaluate(ParentRunner.java:184)&#13;
	at org.junit.runners.ParentRunner.run(ParentRunner.java:236)&#13;
	at org.eclipse.jdt.internal.junit4.runner.JUnit4TestReference.run(JUnit4TestReference.java:86)&#13;
	at org.eclipse.jdt.internal.junit.runner.TestExecution.run(TestExecution.java:38)&#13;
	at org.eclipse.jdt.internal.junit.runner.RemoteTestRunner.runTests(RemoteTestRunner.java:459)&#13;
	at org.eclipse.jdt.internal.junit.runner.RemoteTestRunner.runTests(RemoteTestRunner.java:675)&#13;
	at org.eclipse.jdt.internal.junit.runner.RemoteTestRunner.run(RemoteTestRunner.java:382)&#13;
	at org.eclipse.jdt.internal.junit.runner.RemoteTestRunner.main(RemoteTestRunner.java:192)&#13;
&#13;
</failure>
    </testcase>
  </testsuite>
</testrun>
